#
# There is insufficient memory for the Java Runtime Environment to continue.
# Native memory allocation (mmap) failed to map 123731968 bytes. Error detail: G1 virtual space
# Possible reasons:
#   The system is out of physical RAM or swap space
#   This process is running with CompressedOops enabled, and the Java Heap may be blocking the growth of the native heap
# Possible solutions:
#   Reduce memory load on the system
#   Increase physical memory or swap space
#   Check if swap backing store is full
#   Decrease Java heap size (-Xmx/-Xms)
#   Decrease number of Java threads
#   Decrease Java thread stack sizes (-Xss)
#   Set larger code cache with -XX:ReservedCodeCacheSize=
#   JVM is running with Unscaled Compressed Oops mode in which the Java heap is
#     placed in the first 4GB address space. The Java Heap base address is the
#     maximum limit for the native heap growth. Please use -XX:HeapBaseMinAddress
#     to set the Java Heap base and to place the Java Heap above 4GB virtual address.
# This output file may be truncated or incomplete.
#
#  Out of Memory Error (os_windows.cpp:3631), pid=7252, tid=24580
#
# JRE version:  (22.0.1+8) (build )
# Java VM: Java HotSpot(TM) 64-Bit Server VM (22.0.1+8-16, mixed mode, sharing, tiered, compressed oops, compressed class ptrs, g1 gc, windows-amd64)
# No core dump will be written. Minidumps are not enabled by default on client versions of Windows
#

---------------  S U M M A R Y ------------

Command Line: --enable-native-access=ALL-UNNAMED 

Host: AMD Ryzen 5 5500U with Radeon Graphics         , 12 cores, 7G,  Windows 11 , 64 bit Build 26100 (10.0.26100.4484)
Time: Tue Aug  5 23:35:54 2025 India Standard Time elapsed time: 2.027805 seconds (0d 0h 0m 2s)

---------------  T H R E A D  ---------------

Current thread (0x00000232c34303b0):  JavaThread "Unknown thread" [_thread_in_vm, id=24580, stack(0x000000fa1b500000,0x000000fa1b600000) (1024K)]

Stack: [0x000000fa1b500000,0x000000fa1b600000]
Native frames: (J=compiled Java code, j=interpreted, Vv=VM code, C=native code)
V  [jvm.dll+0x6e2279]  (no source info available)
V  [jvm.dll+0x874e33]  (no source info available)
V  [jvm.dll+0x87725e]  (no source info available)
V  [jvm.dll+0x877933]  (no source info available)
V  [jvm.dll+0x27fd76]  (no source info available)
V  [jvm.dll+0x6de915]  (no source info available)
V  [jvm.dll+0x6d341a]  (no source info available)
V  [jvm.dll+0x3589da]  (no source info available)
V  [jvm.dll+0x360f06]  (no source info available)
V  [jvm.dll+0x3b3e2e]  (no source info available)
V  [jvm.dll+0x3b40d8]  (no source info available)
V  [jvm.dll+0x32c59c]  (no source info available)
V  [jvm.dll+0x32d158]  (no source info available)
V  [jvm.dll+0x83ccdc]  (no source info available)
V  [jvm.dll+0x3c0d71]  (no source info available)
V  [jvm.dll+0x825ccc]  (no source info available)
V  [jvm.dll+0x45b8fe]  (no source info available)
V  [jvm.dll+0x45d781]  (no source info available)
C  [jli.dll+0x52a3]  (no source info available)
C  [ucrtbase.dll+0x37b0]  (no source info available)
C  [KERNEL32.DLL+0x2e8d7]  (no source info available)
C  [ntdll.dll+0x3c34c]  (no source info available)


---------------  P R O C E S S  ---------------

Threads class SMR info:
_java_thread_list=0x00007fff0edcb1c8, length=0, elements={
}

Java Threads: ( => current thread )
Total: 0

Other Threads:
  0x00000232c4fbccf0 WorkerThread "GC Thread#0"                     [id=6912, stack(0x000000fa1b600000,0x000000fa1b700000) (1024K)]
  0x00000232c4fcc760 ConcurrentGCThread "G1 Main Marker"            [id=33968, stack(0x000000fa1b700000,0x000000fa1b800000) (1024K)]
  0x00000232c4fce190 WorkerThread "G1 Conc#0"                       [id=33520, stack(0x000000fa1b800000,0x000000fa1b900000) (1024K)]

[error occurred during error reporting (printing all threads), id 0xc0000005, EXCEPTION_ACCESS_VIOLATION (0xc0000005) at pc=0x00007fff0e51f367]
VM state: not at safepoint (not fully initialized)

VM Mutex/Monitor currently owned by a thread:  ([mutex/lock_event])
[0x00007fff0ee4bcb8] Heap_lock - owner thread: 0x00000232c34303b0

Heap address: 0x000000008ac00000, size: 1876 MB, Compressed Oops mode: 32-bit

CDS archive(s) mapped at: [0x0000000000000000-0x0000000000000000-0x0000000000000000), size 0, SharedBaseAddress: 0x0000000800000000, ArchiveRelocationMode: 1.
Narrow klass base: 0x0000000000000000, Narrow klass shift: 0, Narrow klass range: 0x0

GC Precious Log:
 CardTable entry size: 512
 Card Set container configuration: InlinePtr #cards 5 size 8 Array Of Cards #cards 12 size 40 Howl #buckets 4 coarsen threshold 1843 Howl Bitmap #cards 512 size 80 coarsen threshold 460 Card regions per heap region 1 cards per card region 2048

Heap:
 garbage-first heap   total reserved 1921024K, committed 0K, used 0K [0x000000008ac00000, 0x0000000100000000)
  region size 1024K, 0 young (0K), 0 survivors (0K)

[error occurred during error reporting (printing heap information), id 0xc0000005, EXCEPTION_ACCESS_VIOLATION (0xc0000005) at pc=0x00007fff0e91e429]
GC Heap History (0 events):
No events

Dll operation events (1 events):
Event: 0.009 Loaded shared library C:\Program Files\Java\jdk-22\bin\java.dll

Deoptimization events (0 events):
No events

Classes loaded (0 events):
No events

Classes unloaded (0 events):
No events

Classes redefined (0 events):
No events

Internal exceptions (0 events):
No events

ZGC Phase Switch (0 events):
No events

VM Operations (0 events):
No events

Events (0 events):
No events


Dynamic libraries:
0x00007ff7151c0000 - 0x00007ff7151d0000 	C:\Program Files\Java\jdk-22\bin\java.exe
0x00007fffa2440000 - 0x00007fffa26a8000 	C:\WINDOWS\SYSTEM32\ntdll.dll
0x00007fffa1810000 - 0x00007fffa18d9000 	C:\WINDOWS\System32\KERNEL32.DLL
0x00007fff9f980000 - 0x00007fff9fd6d000 	C:\WINDOWS\System32\KERNELBASE.dll
0x00007fff9f6f0000 - 0x00007fff9f83b000 	C:\WINDOWS\System32\ucrtbase.dll
0x00007fff98260000 - 0x00007fff98277000 	C:\Program Files\Java\jdk-22\bin\jli.dll
0x00007fff8aa40000 - 0x00007fff8aa5b000 	C:\Program Files\Java\jdk-22\bin\VCRUNTIME140.dll
0x00007fffa07b0000 - 0x00007fffa0864000 	C:\WINDOWS\System32\ADVAPI32.dll
0x00007fffa21d0000 - 0x00007fffa2279000 	C:\WINDOWS\System32\msvcrt.dll
0x00007fffa03e0000 - 0x00007fffa0486000 	C:\WINDOWS\System32\sechost.dll
0x00007fffa0690000 - 0x00007fffa07a8000 	C:\WINDOWS\System32\RPCRT4.dll
0x00007fffa0490000 - 0x00007fffa065c000 	C:\WINDOWS\System32\USER32.dll
0x00007fffa0030000 - 0x00007fffa0057000 	C:\WINDOWS\System32\win32u.dll
0x00007fff86bf0000 - 0x00007fff86e8a000 	C:\WINDOWS\WinSxS\amd64_microsoft.windows.common-controls_6595b64144ccf1df_6.0.26100.4484_none_3e0e6d4ce32ef3b3\COMCTL32.dll
0x00007fffa0660000 - 0x00007fffa068b000 	C:\WINDOWS\System32\GDI32.dll
0x00007fff9fd70000 - 0x00007fff9fea7000 	C:\WINDOWS\System32\gdi32full.dll
0x00007fff9f8d0000 - 0x00007fff9f973000 	C:\WINDOWS\System32\msvcp_win.dll
0x00007fff97bf0000 - 0x00007fff97bfb000 	C:\WINDOWS\SYSTEM32\VERSION.dll
0x00007fffa1d60000 - 0x00007fffa1d8f000 	C:\WINDOWS\System32\IMM32.DLL
0x00007fff97fe0000 - 0x00007fff97fec000 	C:\Program Files\Java\jdk-22\bin\vcruntime140_1.dll
0x00007fff64620000 - 0x00007fff646ae000 	C:\Program Files\Java\jdk-22\bin\msvcp140.dll
0x00007fff0e1e0000 - 0x00007fff0ef27000 	C:\Program Files\Java\jdk-22\bin\server\jvm.dll
0x00007fffa2140000 - 0x00007fffa21b4000 	C:\WINDOWS\System32\WS2_32.dll
0x00007fff9f240000 - 0x00007fff9f29e000 	C:\WINDOWS\SYSTEM32\POWRPROF.dll
0x00007fff975a0000 - 0x00007fff975d5000 	C:\WINDOWS\SYSTEM32\WINMM.dll
0x00007fff9f190000 - 0x00007fff9f1a4000 	C:\WINDOWS\SYSTEM32\UMPDC.dll
0x00007fff9e330000 - 0x00007fff9e34b000 	C:\WINDOWS\SYSTEM32\kernel.appcore.dll
0x00007fff89100000 - 0x00007fff8910a000 	C:\Program Files\Java\jdk-22\bin\jimage.dll
0x00007fff93d00000 - 0x00007fff93f41000 	C:\WINDOWS\SYSTEM32\DBGHELP.DLL
0x00007fffa1da0000 - 0x00007fffa2126000 	C:\WINDOWS\System32\combase.dll
0x00007fffa1c10000 - 0x00007fffa1cf0000 	C:\WINDOWS\System32\OLEAUT32.dll
0x00007fff87520000 - 0x00007fff87563000 	C:\WINDOWS\SYSTEM32\dbgcore.DLL
0x00007fff9f590000 - 0x00007fff9f629000 	C:\WINDOWS\System32\bcryptPrimitives.dll
0x00007fff890e0000 - 0x00007fff890fe000 	C:\Program Files\Java\jdk-22\bin\java.dll
0x00007fffa0870000 - 0x00007fffa0fba000 	C:\WINDOWS\System32\SHELL32.dll
0x00007fffa0060000 - 0x00007fffa01d4000 	C:\WINDOWS\System32\wintypes.dll
0x00007fffa0230000 - 0x00007fffa03ce000 	C:\WINDOWS\System32\ole32.dll

dbghelp: loaded successfully - version: 4.0.5 - missing functions: none
symbol engine: initialized successfully - sym options: 0x614 - pdb path: .;C:\Program Files\Java\jdk-22\bin;C:\WINDOWS\SYSTEM32;C:\WINDOWS\WinSxS\amd64_microsoft.windows.common-controls_6595b64144ccf1df_6.0.26100.4484_none_3e0e6d4ce32ef3b3;C:\Program Files\Java\jdk-22\bin\server

VM Arguments:
jvm_args: --enable-native-access=ALL-UNNAMED 
java_command: <unknown>
java_class_path (initial): <not set>
Launcher Type: SUN_STANDARD

[Global flags]
     intx CICompilerCount                          = 4                                         {product} {ergonomic}
     uint ConcGCThreads                            = 3                                         {product} {ergonomic}
     uint G1ConcRefinementThreads                  = 10                                        {product} {ergonomic}
   size_t G1HeapRegionSize                         = 1048576                                   {product} {ergonomic}
   size_t InitialHeapSize                          = 123731968                                 {product} {ergonomic}
   size_t MarkStackSize                            = 4194304                                   {product} {ergonomic}
   size_t MaxHeapSize                              = 1967128576                                {product} {ergonomic}
   size_t MinHeapDeltaBytes                        = 1048576                                   {product} {ergonomic}
   size_t MinHeapSize                              = 8388608                                   {product} {ergonomic}
    uintx NonNMethodCodeHeapSize                   = 5839372                                {pd product} {ergonomic}
    uintx NonProfiledCodeHeapSize                  = 122909434                              {pd product} {ergonomic}
    uintx ProfiledCodeHeapSize                     = 122909434                              {pd product} {ergonomic}
    uintx ReservedCodeCacheSize                    = 251658240                              {pd product} {ergonomic}
     bool SegmentedCodeCache                       = true                                      {product} {ergonomic}
   size_t SoftMaxHeapSize                          = 1967128576                             {manageable} {ergonomic}
     bool UseCompressedOops                        = true                           {product lp64_product} {ergonomic}
     bool UseG1GC                                  = true                                      {product} {ergonomic}
     bool UseLargePagesIndividualAllocation        = false                                  {pd product} {ergonomic}

Logging:
Log output configuration:
 #0: stdout all=warning uptime,level,tags foldmultilines=false
 #1: stderr all=off uptime,level,tags foldmultilines=false

Environment Variables:
PATH=C:\Python313\Scripts\;C:\Python313\;C:\Program Files\Common Files\Oracle\Java\javapath;C:\Users\Vanshika\bin;C:\app\riyac\product\21c\dbhomeXE\bin;C:\WINDOWS\system32;C:\WINDOWS;C:\WINDOWS\System32\Wbem;C:\WINDOWS\System32\WindowsPowerShell\v1.0\;C:\WINDOWS\System32\OpenSSH\;C:\Program Files\Java\jdk-22\bin;C:\Program Files\Git\cmd;C:\Program Files (x86)\GnuWin32\bin;C:\ProgramData\chocolatey\bin;C:\Users\riyac\AppData\Local\nvm;C:\nvm4w\nodejs;C:\Users\riyac\AppData\Local\Programs\Python\Python312\Scripts\;C:\Users\riyac\AppData\Local\Programs\Python\Python312\;C:\Users\riyac\AppData\Local\Microsoft\WindowsApps;C:\Users\riyac\AppData\Local\Programs\Microsoft VS Code\bin;C:\MinGW\bin;C:\MinGW\;C:\Program Files (x86)\GnuWin32;C:\Program Files (x86)\Embarcadero\Dev-Cpp\TDM-GCC-64;C:\Users\riyac\Downloads\mongosh-2.5.3-win32-x64\mongosh-2.5.3-win32-x64\bin;C:\Users\riyac\AppData\Roaming\npm;C:\Users\riyac\AppData\Local\nvm;C:\nvm4w\nodejs
USERNAME=riyac
LANG=en_US.UTF-8
OS=Windows_NT
PROCESSOR_IDENTIFIER=AMD64 Family 23 Model 104 Stepping 1, AuthenticAMD
TMP=C:\Users\riyac\AppData\Local\Temp
TEMP=C:\Users\riyac\AppData\Local\Temp




Periodic native trim disabled

---------------  S Y S T E M  ---------------

OS:
 Windows 11 , 64 bit Build 26100 (10.0.26100.4484)
OS uptime: 23 days 11:33 hours

CPU: total 12 (initial active 12) (12 cores per cpu, 2 threads per core) family 23 model 104 stepping 1 microcode 0x8608104, cx8, cmov, fxsr, ht, mmx, 3dnowpref, sse, sse2, sse3, ssse3, sse4a, sse4.1, sse4.2, popcnt, lzcnt, tsc, tscinvbit, avx, avx2, aes, clmul, bmi1, bmi2, adx, sha, fma, vzeroupper, clflush, clflushopt, rdtscp, rdpid, f16c
Processor Information for processor 0
  Max Mhz: 2100, Current Mhz: 1988, Mhz Limit: 2100
Processor Information for processor 1
  Max Mhz: 2100, Current Mhz: 1988, Mhz Limit: 2100
Processor Information for processor 2
  Max Mhz: 2100, Current Mhz: 1988, Mhz Limit: 2100
Processor Information for processor 3
  Max Mhz: 2100, Current Mhz: 1988, Mhz Limit: 2100
Processor Information for processor 4
  Max Mhz: 2100, Current Mhz: 1988, Mhz Limit: 2100
Processor Information for processor 5
  Max Mhz: 2100, Current Mhz: 2100, Mhz Limit: 2100
Processor Information for processor 6
  Max Mhz: 2100, Current Mhz: 1988, Mhz Limit: 2100
Processor Information for processor 7
  Max Mhz: 2100, Current Mhz: 1988, Mhz Limit: 2100
Processor Information for processor 8
  Max Mhz: 2100, Current Mhz: 1988, Mhz Limit: 2100
Processor Information for processor 9
  Max Mhz: 2100, Current Mhz: 1988, Mhz Limit: 2100
Processor Information for processor 10
  Max Mhz: 2100, Current Mhz: 1988, Mhz Limit: 2100
Processor Information for processor 11
  Max Mhz: 2100, Current Mhz: 1988, Mhz Limit: 2100

Memory: 4k page, system-wide physical 7501M (393M free)
TotalPageFile size 30029M (AvailPageFile size 83M)
current process WorkingSet (physical memory assigned to process): 13M, peak: 13M
current process commit charge ("private bytes"): 64M, peak: 182M

vm_info: Java HotSpot(TM) 64-Bit Server VM (22.0.1+8-16) for windows-amd64 JRE (22.0.1+8-16), built on 2024-03-12T10:33:16Z by "mach5one" with MS VC++ 17.6 (VS2022)

END.
